  sv.cpp
C:\Users\lilia\source\repos\MorpionSFML\SFML-2.5.1\include\SFML\Graphics\Rect.inl(81,19): error C2589: '(' : jeton non conforme à droite de '::'
  (compiler le fichier source 'sv.cpp')
  
C:\Users\lilia\source\repos\MorpionSFML\SFML-2.5.1\include\SFML\Graphics\Rect.inl(81,19): error C2760: erreur de syntaxe : ')' était inattendu ici; ';' attendu
  (compiler le fichier source 'sv.cpp')
  
C:\Users\lilia\source\repos\MorpionSFML\SFML-2.5.1\include\SFML\Graphics\Rect.inl(81,19): error C3878: erreur de syntaxe : jeton inattendu ')' après 'expression_statement'
  (compiler le fichier source 'sv.cpp')
  
C:\Users\lilia\source\repos\MorpionSFML\SFML-2.5.1\include\SFML\Graphics\Rect.inl(81,19): message : erreur de récupération ignorée : « ) »
  (compiler le fichier source 'sv.cpp')
  
C:\Users\lilia\source\repos\MorpionSFML\SFML-2.5.1\include\SFML\Graphics\Rect.inl(82,19): error C2589: '(' : jeton non conforme à droite de '::'
  (compiler le fichier source 'sv.cpp')
  
C:\Users\lilia\source\repos\MorpionSFML\SFML-2.5.1\include\SFML\Graphics\Rect.inl(82,19): error C2760: erreur de syntaxe : ')' était inattendu ici; ';' attendu
  (compiler le fichier source 'sv.cpp')
  
C:\Users\lilia\source\repos\MorpionSFML\SFML-2.5.1\include\SFML\Graphics\Rect.inl(82,19): error C3878: erreur de syntaxe : jeton inattendu ')' après 'expression_statement'
  (compiler le fichier source 'sv.cpp')
  
C:\Users\lilia\source\repos\MorpionSFML\SFML-2.5.1\include\SFML\Graphics\Rect.inl(82,19): message : erreur de récupération ignorée : « ) »
  (compiler le fichier source 'sv.cpp')
  
C:\Users\lilia\source\repos\MorpionSFML\SFML-2.5.1\include\SFML\Graphics\Rect.inl(83,19): error C2589: '(' : jeton non conforme à droite de '::'
  (compiler le fichier source 'sv.cpp')
  
C:\Users\lilia\source\repos\MorpionSFML\SFML-2.5.1\include\SFML\Graphics\Rect.inl(83,19): error C2760: erreur de syntaxe : ')' était inattendu ici; ';' attendu
  (compiler le fichier source 'sv.cpp')
  
C:\Users\lilia\source\repos\MorpionSFML\SFML-2.5.1\include\SFML\Graphics\Rect.inl(83,19): error C3878: erreur de syntaxe : jeton inattendu ')' après 'expression_statement'
  (compiler le fichier source 'sv.cpp')
  
C:\Users\lilia\source\repos\MorpionSFML\SFML-2.5.1\include\SFML\Graphics\Rect.inl(83,19): message : erreur de récupération ignorée : « ) »
  (compiler le fichier source 'sv.cpp')
  
C:\Users\lilia\source\repos\MorpionSFML\SFML-2.5.1\include\SFML\Graphics\Rect.inl(84,19): error C2589: '(' : jeton non conforme à droite de '::'
  (compiler le fichier source 'sv.cpp')
  
C:\Users\lilia\source\repos\MorpionSFML\SFML-2.5.1\include\SFML\Graphics\Rect.inl(84,19): error C2760: erreur de syntaxe : ')' était inattendu ici; ';' attendu
  (compiler le fichier source 'sv.cpp')
  
C:\Users\lilia\source\repos\MorpionSFML\SFML-2.5.1\include\SFML\Graphics\Rect.inl(84,19): error C3878: erreur de syntaxe : jeton inattendu ')' après 'expression_statement'
  (compiler le fichier source 'sv.cpp')
  
C:\Users\lilia\source\repos\MorpionSFML\SFML-2.5.1\include\SFML\Graphics\Rect.inl(84,19): message : erreur de récupération ignorée : « ) »
  (compiler le fichier source 'sv.cpp')
  
C:\Users\lilia\source\repos\MorpionSFML\SFML-2.5.1\include\SFML\Graphics\Rect.inl(114,21): error C2589: '(' : jeton non conforme à droite de '::'
  (compiler le fichier source 'sv.cpp')
  
C:\Users\lilia\source\repos\MorpionSFML\SFML-2.5.1\include\SFML\Graphics\Rect.inl(114,21): error C2760: erreur de syntaxe : ')' était inattendu ici; ';' attendu
  (compiler le fichier source 'sv.cpp')
  
C:\Users\lilia\source\repos\MorpionSFML\SFML-2.5.1\include\SFML\Graphics\Rect.inl(114,21): error C3878: erreur de syntaxe : jeton inattendu ')' après 'expression_statement'
  (compiler le fichier source 'sv.cpp')
  
C:\Users\lilia\source\repos\MorpionSFML\SFML-2.5.1\include\SFML\Graphics\Rect.inl(114,21): message : erreur de récupération ignorée : « ) »
  (compiler le fichier source 'sv.cpp')
  
C:\Users\lilia\source\repos\MorpionSFML\SFML-2.5.1\include\SFML\Graphics\Rect.inl(115,21): error C2589: '(' : jeton non conforme à droite de '::'
  (compiler le fichier source 'sv.cpp')
  
C:\Users\lilia\source\repos\MorpionSFML\SFML-2.5.1\include\SFML\Graphics\Rect.inl(115,21): error C2760: erreur de syntaxe : ')' était inattendu ici; ';' attendu
  (compiler le fichier source 'sv.cpp')
  
C:\Users\lilia\source\repos\MorpionSFML\SFML-2.5.1\include\SFML\Graphics\Rect.inl(115,21): error C3878: erreur de syntaxe : jeton inattendu ')' après 'expression_statement'
  (compiler le fichier source 'sv.cpp')
  
C:\Users\lilia\source\repos\MorpionSFML\SFML-2.5.1\include\SFML\Graphics\Rect.inl(115,21): message : erreur de récupération ignorée : « ) »
  (compiler le fichier source 'sv.cpp')
  
C:\Users\lilia\source\repos\MorpionSFML\SFML-2.5.1\include\SFML\Graphics\Rect.inl(116,21): error C2589: '(' : jeton non conforme à droite de '::'
  (compiler le fichier source 'sv.cpp')
  
C:\Users\lilia\source\repos\MorpionSFML\SFML-2.5.1\include\SFML\Graphics\Rect.inl(116,21): error C2760: erreur de syntaxe : ')' était inattendu ici; ';' attendu
  (compiler le fichier source 'sv.cpp')
  
C:\Users\lilia\source\repos\MorpionSFML\SFML-2.5.1\include\SFML\Graphics\Rect.inl(116,21): error C3878: erreur de syntaxe : jeton inattendu ')' après 'expression_statement'
  (compiler le fichier source 'sv.cpp')
  
C:\Users\lilia\source\repos\MorpionSFML\SFML-2.5.1\include\SFML\Graphics\Rect.inl(116,21): message : erreur de récupération ignorée : « ) »
  (compiler le fichier source 'sv.cpp')
  
C:\Users\lilia\source\repos\MorpionSFML\SFML-2.5.1\include\SFML\Graphics\Rect.inl(117,21): error C2589: '(' : jeton non conforme à droite de '::'
  (compiler le fichier source 'sv.cpp')
  
C:\Users\lilia\source\repos\MorpionSFML\SFML-2.5.1\include\SFML\Graphics\Rect.inl(117,21): error C2760: erreur de syntaxe : ')' était inattendu ici; ';' attendu
  (compiler le fichier source 'sv.cpp')
  
C:\Users\lilia\source\repos\MorpionSFML\SFML-2.5.1\include\SFML\Graphics\Rect.inl(117,21): error C3878: erreur de syntaxe : jeton inattendu ')' après 'expression_statement'
  (compiler le fichier source 'sv.cpp')
  
C:\Users\lilia\source\repos\MorpionSFML\SFML-2.5.1\include\SFML\Graphics\Rect.inl(117,21): message : erreur de récupération ignorée : « ) »
  (compiler le fichier source 'sv.cpp')
  
C:\Users\lilia\source\repos\MorpionSFML\SFML-2.5.1\include\SFML\Graphics\Rect.inl(120,21): error C2589: '(' : jeton non conforme à droite de '::'
  (compiler le fichier source 'sv.cpp')
  
C:\Users\lilia\source\repos\MorpionSFML\SFML-2.5.1\include\SFML\Graphics\Rect.inl(120,21): error C2760: erreur de syntaxe : ')' était inattendu ici; ';' attendu
  (compiler le fichier source 'sv.cpp')
  
C:\Users\lilia\source\repos\MorpionSFML\SFML-2.5.1\include\SFML\Graphics\Rect.inl(120,21): error C3878: erreur de syntaxe : jeton inattendu ')' après 'expression_statement'
  (compiler le fichier source 'sv.cpp')
  
C:\Users\lilia\source\repos\MorpionSFML\SFML-2.5.1\include\SFML\Graphics\Rect.inl(120,21): message : erreur de récupération ignorée : « ) »
  (compiler le fichier source 'sv.cpp')
  
C:\Users\lilia\source\repos\MorpionSFML\SFML-2.5.1\include\SFML\Graphics\Rect.inl(121,21): error C2589: '(' : jeton non conforme à droite de '::'
  (compiler le fichier source 'sv.cpp')
  
C:\Users\lilia\source\repos\MorpionSFML\SFML-2.5.1\include\SFML\Graphics\Rect.inl(121,21): error C2760: erreur de syntaxe : ')' était inattendu ici; ';' attendu
  (compiler le fichier source 'sv.cpp')
  
C:\Users\lilia\source\repos\MorpionSFML\SFML-2.5.1\include\SFML\Graphics\Rect.inl(121,21): error C3878: erreur de syntaxe : jeton inattendu ')' après 'expression_statement'
  (compiler le fichier source 'sv.cpp')
  
C:\Users\lilia\source\repos\MorpionSFML\SFML-2.5.1\include\SFML\Graphics\Rect.inl(121,21): message : erreur de récupération ignorée : « ) »
  (compiler le fichier source 'sv.cpp')
  
C:\Users\lilia\source\repos\MorpionSFML\SFML-2.5.1\include\SFML\Graphics\Rect.inl(122,21): error C2589: '(' : jeton non conforme à droite de '::'
  (compiler le fichier source 'sv.cpp')
  
C:\Users\lilia\source\repos\MorpionSFML\SFML-2.5.1\include\SFML\Graphics\Rect.inl(122,21): error C2760: erreur de syntaxe : ')' était inattendu ici; ';' attendu
  (compiler le fichier source 'sv.cpp')
  
C:\Users\lilia\source\repos\MorpionSFML\SFML-2.5.1\include\SFML\Graphics\Rect.inl(122,21): error C3878: erreur de syntaxe : jeton inattendu ')' après 'expression_statement'
  (compiler le fichier source 'sv.cpp')
  
C:\Users\lilia\source\repos\MorpionSFML\SFML-2.5.1\include\SFML\Graphics\Rect.inl(122,21): message : erreur de récupération ignorée : « ) »
  (compiler le fichier source 'sv.cpp')
  
C:\Users\lilia\source\repos\MorpionSFML\SFML-2.5.1\include\SFML\Graphics\Rect.inl(123,21): error C2589: '(' : jeton non conforme à droite de '::'
  (compiler le fichier source 'sv.cpp')
  
C:\Users\lilia\source\repos\MorpionSFML\SFML-2.5.1\include\SFML\Graphics\Rect.inl(123,21): error C2760: erreur de syntaxe : ')' était inattendu ici; ';' attendu
  (compiler le fichier source 'sv.cpp')
  
C:\Users\lilia\source\repos\MorpionSFML\SFML-2.5.1\include\SFML\Graphics\Rect.inl(123,21): error C3878: erreur de syntaxe : jeton inattendu ')' après 'expression_statement'
  (compiler le fichier source 'sv.cpp')
  
C:\Users\lilia\source\repos\MorpionSFML\SFML-2.5.1\include\SFML\Graphics\Rect.inl(123,21): message : erreur de récupération ignorée : « ) »
  (compiler le fichier source 'sv.cpp')
  
C:\Users\lilia\source\repos\MorpionSFML\SFML-2.5.1\include\SFML\Graphics\Rect.inl(126,26): error C2589: '(' : jeton non conforme à droite de '::'
  (compiler le fichier source 'sv.cpp')
  
C:\Users\lilia\source\repos\MorpionSFML\SFML-2.5.1\include\SFML\Graphics\Rect.inl(126,26): error C2760: erreur de syntaxe : ')' était inattendu ici; ';' attendu
  (compiler le fichier source 'sv.cpp')
  
C:\Users\lilia\source\repos\MorpionSFML\SFML-2.5.1\include\SFML\Graphics\Rect.inl(126,26): error C3878: erreur de syntaxe : jeton inattendu ')' après 'expression_statement'
  (compiler le fichier source 'sv.cpp')
  
C:\Users\lilia\source\repos\MorpionSFML\SFML-2.5.1\include\SFML\Graphics\Rect.inl(126,26): message : erreur de récupération ignorée : « ) »
  (compiler le fichier source 'sv.cpp')
  
C:\Users\lilia\source\repos\MorpionSFML\SFML-2.5.1\include\SFML\Graphics\Rect.inl(127,26): error C2589: '(' : jeton non conforme à droite de '::'
  (compiler le fichier source 'sv.cpp')
  
C:\Users\lilia\source\repos\MorpionSFML\SFML-2.5.1\include\SFML\Graphics\Rect.inl(127,26): error C2760: erreur de syntaxe : ')' était inattendu ici; ';' attendu
  (compiler le fichier source 'sv.cpp')
  
C:\Users\lilia\source\repos\MorpionSFML\SFML-2.5.1\include\SFML\Graphics\Rect.inl(127,26): error C3878: erreur de syntaxe : jeton inattendu ')' après 'expression_statement'
  (compiler le fichier source 'sv.cpp')
  
C:\Users\lilia\source\repos\MorpionSFML\SFML-2.5.1\include\SFML\Graphics\Rect.inl(127,26): message : erreur de récupération ignorée : « ) »
  (compiler le fichier source 'sv.cpp')
  
C:\Users\lilia\source\repos\MorpionSFML\SFML-2.5.1\include\SFML\Graphics\Rect.inl(128,26): error C2589: '(' : jeton non conforme à droite de '::'
  (compiler le fichier source 'sv.cpp')
  
C:\Users\lilia\source\repos\MorpionSFML\SFML-2.5.1\include\SFML\Graphics\Rect.inl(128,26): error C2760: erreur de syntaxe : ')' était inattendu ici; ';' attendu
  (compiler le fichier source 'sv.cpp')
  
C:\Users\lilia\source\repos\MorpionSFML\SFML-2.5.1\include\SFML\Graphics\Rect.inl(128,26): error C3878: erreur de syntaxe : jeton inattendu ')' après 'expression_statement'
  (compiler le fichier source 'sv.cpp')
  
C:\Users\lilia\source\repos\MorpionSFML\SFML-2.5.1\include\SFML\Graphics\Rect.inl(128,26): message : erreur de récupération ignorée : « ) »
  (compiler le fichier source 'sv.cpp')
  
C:\Users\lilia\source\repos\MorpionSFML\SFML-2.5.1\include\SFML\Graphics\Rect.inl(129,26): error C2589: '(' : jeton non conforme à droite de '::'
  (compiler le fichier source 'sv.cpp')
  
C:\Users\lilia\source\repos\MorpionSFML\SFML-2.5.1\include\SFML\Graphics\Rect.inl(129,26): error C2760: erreur de syntaxe : ')' était inattendu ici; ';' attendu
  (compiler le fichier source 'sv.cpp')
  
C:\Users\lilia\source\repos\MorpionSFML\SFML-2.5.1\include\SFML\Graphics\Rect.inl(129,26): error C3878: erreur de syntaxe : jeton inattendu ')' après 'expression_statement'
  (compiler le fichier source 'sv.cpp')
  
C:\Users\lilia\source\repos\MorpionSFML\SFML-2.5.1\include\SFML\Graphics\Rect.inl(129,26): message : erreur de récupération ignorée : « ) »
  (compiler le fichier source 'sv.cpp')
  
  Morpion.cpp
  ServerSocket.cpp
C:\Users\lilia\source\repos\MorpionSFML\SFML-2.5.1\include\SFML\Graphics\Rect.inl(81,19): error C2589: '(' : jeton non conforme à droite de '::'
  (compiler le fichier source 'ServerSocket.cpp')
  
C:\Users\lilia\source\repos\MorpionSFML\SFML-2.5.1\include\SFML\Graphics\Rect.inl(81,19): error C2760: erreur de syntaxe : ')' était inattendu ici; ';' attendu
  (compiler le fichier source 'ServerSocket.cpp')
  
C:\Users\lilia\source\repos\MorpionSFML\SFML-2.5.1\include\SFML\Graphics\Rect.inl(81,19): error C3878: erreur de syntaxe : jeton inattendu ')' après 'expression_statement'
  (compiler le fichier source 'ServerSocket.cpp')
  
C:\Users\lilia\source\repos\MorpionSFML\SFML-2.5.1\include\SFML\Graphics\Rect.inl(81,19): message : erreur de récupération ignorée : « ) »
  (compiler le fichier source 'ServerSocket.cpp')
  
C:\Users\lilia\source\repos\MorpionSFML\SFML-2.5.1\include\SFML\Graphics\Rect.inl(82,19): error C2589: '(' : jeton non conforme à droite de '::'
  (compiler le fichier source 'ServerSocket.cpp')
  
C:\Users\lilia\source\repos\MorpionSFML\SFML-2.5.1\include\SFML\Graphics\Rect.inl(82,19): error C2760: erreur de syntaxe : ')' était inattendu ici; ';' attendu
  (compiler le fichier source 'ServerSocket.cpp')
  
C:\Users\lilia\source\repos\MorpionSFML\SFML-2.5.1\include\SFML\Graphics\Rect.inl(82,19): error C3878: erreur de syntaxe : jeton inattendu ')' après 'expression_statement'
  (compiler le fichier source 'ServerSocket.cpp')
  
C:\Users\lilia\source\repos\MorpionSFML\SFML-2.5.1\include\SFML\Graphics\Rect.inl(82,19): message : erreur de récupération ignorée : « ) »
  (compiler le fichier source 'ServerSocket.cpp')
  
C:\Users\lilia\source\repos\MorpionSFML\SFML-2.5.1\include\SFML\Graphics\Rect.inl(83,19): error C2589: '(' : jeton non conforme à droite de '::'
  (compiler le fichier source 'ServerSocket.cpp')
  
C:\Users\lilia\source\repos\MorpionSFML\SFML-2.5.1\include\SFML\Graphics\Rect.inl(83,19): error C2760: erreur de syntaxe : ')' était inattendu ici; ';' attendu
  (compiler le fichier source 'ServerSocket.cpp')
  
C:\Users\lilia\source\repos\MorpionSFML\SFML-2.5.1\include\SFML\Graphics\Rect.inl(83,19): error C3878: erreur de syntaxe : jeton inattendu ')' après 'expression_statement'
  (compiler le fichier source 'ServerSocket.cpp')
  
C:\Users\lilia\source\repos\MorpionSFML\SFML-2.5.1\include\SFML\Graphics\Rect.inl(83,19): message : erreur de récupération ignorée : « ) »
  (compiler le fichier source 'ServerSocket.cpp')
  
C:\Users\lilia\source\repos\MorpionSFML\SFML-2.5.1\include\SFML\Graphics\Rect.inl(84,19): error C2589: '(' : jeton non conforme à droite de '::'
  (compiler le fichier source 'ServerSocket.cpp')
  
C:\Users\lilia\source\repos\MorpionSFML\SFML-2.5.1\include\SFML\Graphics\Rect.inl(84,19): error C2760: erreur de syntaxe : ')' était inattendu ici; ';' attendu
  (compiler le fichier source 'ServerSocket.cpp')
  
C:\Users\lilia\source\repos\MorpionSFML\SFML-2.5.1\include\SFML\Graphics\Rect.inl(84,19): error C3878: erreur de syntaxe : jeton inattendu ')' après 'expression_statement'
  (compiler le fichier source 'ServerSocket.cpp')
  
C:\Users\lilia\source\repos\MorpionSFML\SFML-2.5.1\include\SFML\Graphics\Rect.inl(84,19): message : erreur de récupération ignorée : « ) »
  (compiler le fichier source 'ServerSocket.cpp')
  
C:\Users\lilia\source\repos\MorpionSFML\SFML-2.5.1\include\SFML\Graphics\Rect.inl(114,21): error C2589: '(' : jeton non conforme à droite de '::'
  (compiler le fichier source 'ServerSocket.cpp')
  
C:\Users\lilia\source\repos\MorpionSFML\SFML-2.5.1\include\SFML\Graphics\Rect.inl(114,21): error C2760: erreur de syntaxe : ')' était inattendu ici; ';' attendu
  (compiler le fichier source 'ServerSocket.cpp')
  
C:\Users\lilia\source\repos\MorpionSFML\SFML-2.5.1\include\SFML\Graphics\Rect.inl(114,21): error C3878: erreur de syntaxe : jeton inattendu ')' après 'expression_statement'
  (compiler le fichier source 'ServerSocket.cpp')
  
C:\Users\lilia\source\repos\MorpionSFML\SFML-2.5.1\include\SFML\Graphics\Rect.inl(114,21): message : erreur de récupération ignorée : « ) »
  (compiler le fichier source 'ServerSocket.cpp')
  
C:\Users\lilia\source\repos\MorpionSFML\SFML-2.5.1\include\SFML\Graphics\Rect.inl(115,21): error C2589: '(' : jeton non conforme à droite de '::'
  (compiler le fichier source 'ServerSocket.cpp')
  
C:\Users\lilia\source\repos\MorpionSFML\SFML-2.5.1\include\SFML\Graphics\Rect.inl(115,21): error C2760: erreur de syntaxe : ')' était inattendu ici; ';' attendu
  (compiler le fichier source 'ServerSocket.cpp')
  
C:\Users\lilia\source\repos\MorpionSFML\SFML-2.5.1\include\SFML\Graphics\Rect.inl(115,21): error C3878: erreur de syntaxe : jeton inattendu ')' après 'expression_statement'
  (compiler le fichier source 'ServerSocket.cpp')
  
C:\Users\lilia\source\repos\MorpionSFML\SFML-2.5.1\include\SFML\Graphics\Rect.inl(115,21): message : erreur de récupération ignorée : « ) »
  (compiler le fichier source 'ServerSocket.cpp')
  
C:\Users\lilia\source\repos\MorpionSFML\SFML-2.5.1\include\SFML\Graphics\Rect.inl(116,21): error C2589: '(' : jeton non conforme à droite de '::'
  (compiler le fichier source 'ServerSocket.cpp')
  
C:\Users\lilia\source\repos\MorpionSFML\SFML-2.5.1\include\SFML\Graphics\Rect.inl(116,21): error C2760: erreur de syntaxe : ')' était inattendu ici; ';' attendu
  (compiler le fichier source 'ServerSocket.cpp')
  
C:\Users\lilia\source\repos\MorpionSFML\SFML-2.5.1\include\SFML\Graphics\Rect.inl(116,21): error C3878: erreur de syntaxe : jeton inattendu ')' après 'expression_statement'
  (compiler le fichier source 'ServerSocket.cpp')
  
C:\Users\lilia\source\repos\MorpionSFML\SFML-2.5.1\include\SFML\Graphics\Rect.inl(116,21): message : erreur de récupération ignorée : « ) »
  (compiler le fichier source 'ServerSocket.cpp')
  
C:\Users\lilia\source\repos\MorpionSFML\SFML-2.5.1\include\SFML\Graphics\Rect.inl(117,21): error C2589: '(' : jeton non conforme à droite de '::'
  (compiler le fichier source 'ServerSocket.cpp')
  
C:\Users\lilia\source\repos\MorpionSFML\SFML-2.5.1\include\SFML\Graphics\Rect.inl(117,21): error C2760: erreur de syntaxe : ')' était inattendu ici; ';' attendu
  (compiler le fichier source 'ServerSocket.cpp')
  
C:\Users\lilia\source\repos\MorpionSFML\SFML-2.5.1\include\SFML\Graphics\Rect.inl(117,21): error C3878: erreur de syntaxe : jeton inattendu ')' après 'expression_statement'
  (compiler le fichier source 'ServerSocket.cpp')
  
C:\Users\lilia\source\repos\MorpionSFML\SFML-2.5.1\include\SFML\Graphics\Rect.inl(117,21): message : erreur de récupération ignorée : « ) »
  (compiler le fichier source 'ServerSocket.cpp')
  
C:\Users\lilia\source\repos\MorpionSFML\SFML-2.5.1\include\SFML\Graphics\Rect.inl(120,21): error C2589: '(' : jeton non conforme à droite de '::'
  (compiler le fichier source 'ServerSocket.cpp')
  
C:\Users\lilia\source\repos\MorpionSFML\SFML-2.5.1\include\SFML\Graphics\Rect.inl(120,21): error C2760: erreur de syntaxe : ')' était inattendu ici; ';' attendu
  (compiler le fichier source 'ServerSocket.cpp')
  
C:\Users\lilia\source\repos\MorpionSFML\SFML-2.5.1\include\SFML\Graphics\Rect.inl(120,21): error C3878: erreur de syntaxe : jeton inattendu ')' après 'expression_statement'
  (compiler le fichier source 'ServerSocket.cpp')
  
C:\Users\lilia\source\repos\MorpionSFML\SFML-2.5.1\include\SFML\Graphics\Rect.inl(120,21): message : erreur de récupération ignorée : « ) »
  (compiler le fichier source 'ServerSocket.cpp')
  
C:\Users\lilia\source\repos\MorpionSFML\SFML-2.5.1\include\SFML\Graphics\Rect.inl(121,21): error C2589: '(' : jeton non conforme à droite de '::'
  (compiler le fichier source 'ServerSocket.cpp')
  
C:\Users\lilia\source\repos\MorpionSFML\SFML-2.5.1\include\SFML\Graphics\Rect.inl(121,21): error C2760: erreur de syntaxe : ')' était inattendu ici; ';' attendu
  (compiler le fichier source 'ServerSocket.cpp')
  
C:\Users\lilia\source\repos\MorpionSFML\SFML-2.5.1\include\SFML\Graphics\Rect.inl(121,21): error C3878: erreur de syntaxe : jeton inattendu ')' après 'expression_statement'
  (compiler le fichier source 'ServerSocket.cpp')
  
C:\Users\lilia\source\repos\MorpionSFML\SFML-2.5.1\include\SFML\Graphics\Rect.inl(121,21): message : erreur de récupération ignorée : « ) »
  (compiler le fichier source 'ServerSocket.cpp')
  
C:\Users\lilia\source\repos\MorpionSFML\SFML-2.5.1\include\SFML\Graphics\Rect.inl(122,21): error C2589: '(' : jeton non conforme à droite de '::'
  (compiler le fichier source 'ServerSocket.cpp')
  
C:\Users\lilia\source\repos\MorpionSFML\SFML-2.5.1\include\SFML\Graphics\Rect.inl(122,21): error C2760: erreur de syntaxe : ')' était inattendu ici; ';' attendu
  (compiler le fichier source 'ServerSocket.cpp')
  
C:\Users\lilia\source\repos\MorpionSFML\SFML-2.5.1\include\SFML\Graphics\Rect.inl(122,21): error C3878: erreur de syntaxe : jeton inattendu ')' après 'expression_statement'
  (compiler le fichier source 'ServerSocket.cpp')
  
C:\Users\lilia\source\repos\MorpionSFML\SFML-2.5.1\include\SFML\Graphics\Rect.inl(122,21): message : erreur de récupération ignorée : « ) »
  (compiler le fichier source 'ServerSocket.cpp')
  
C:\Users\lilia\source\repos\MorpionSFML\SFML-2.5.1\include\SFML\Graphics\Rect.inl(123,21): error C2589: '(' : jeton non conforme à droite de '::'
  (compiler le fichier source 'ServerSocket.cpp')
  
C:\Users\lilia\source\repos\MorpionSFML\SFML-2.5.1\include\SFML\Graphics\Rect.inl(123,21): error C2760: erreur de syntaxe : ')' était inattendu ici; ';' attendu
  (compiler le fichier source 'ServerSocket.cpp')
  
C:\Users\lilia\source\repos\MorpionSFML\SFML-2.5.1\include\SFML\Graphics\Rect.inl(123,21): error C3878: erreur de syntaxe : jeton inattendu ')' après 'expression_statement'
  (compiler le fichier source 'ServerSocket.cpp')
  
C:\Users\lilia\source\repos\MorpionSFML\SFML-2.5.1\include\SFML\Graphics\Rect.inl(123,21): message : erreur de récupération ignorée : « ) »
  (compiler le fichier source 'ServerSocket.cpp')
  
C:\Users\lilia\source\repos\MorpionSFML\SFML-2.5.1\include\SFML\Graphics\Rect.inl(126,26): error C2589: '(' : jeton non conforme à droite de '::'
  (compiler le fichier source 'ServerSocket.cpp')
  
C:\Users\lilia\source\repos\MorpionSFML\SFML-2.5.1\include\SFML\Graphics\Rect.inl(126,26): error C2760: erreur de syntaxe : ')' était inattendu ici; ';' attendu
  (compiler le fichier source 'ServerSocket.cpp')
  
C:\Users\lilia\source\repos\MorpionSFML\SFML-2.5.1\include\SFML\Graphics\Rect.inl(126,26): error C3878: erreur de syntaxe : jeton inattendu ')' après 'expression_statement'
  (compiler le fichier source 'ServerSocket.cpp')
  
C:\Users\lilia\source\repos\MorpionSFML\SFML-2.5.1\include\SFML\Graphics\Rect.inl(126,26): message : erreur de récupération ignorée : « ) »
  (compiler le fichier source 'ServerSocket.cpp')
  
C:\Users\lilia\source\repos\MorpionSFML\SFML-2.5.1\include\SFML\Graphics\Rect.inl(127,26): error C2589: '(' : jeton non conforme à droite de '::'
  (compiler le fichier source 'ServerSocket.cpp')
  
C:\Users\lilia\source\repos\MorpionSFML\SFML-2.5.1\include\SFML\Graphics\Rect.inl(127,26): error C2760: erreur de syntaxe : ')' était inattendu ici; ';' attendu
  (compiler le fichier source 'ServerSocket.cpp')
  
C:\Users\lilia\source\repos\MorpionSFML\SFML-2.5.1\include\SFML\Graphics\Rect.inl(127,26): error C3878: erreur de syntaxe : jeton inattendu ')' après 'expression_statement'
  (compiler le fichier source 'ServerSocket.cpp')
  
C:\Users\lilia\source\repos\MorpionSFML\SFML-2.5.1\include\SFML\Graphics\Rect.inl(127,26): message : erreur de récupération ignorée : « ) »
  (compiler le fichier source 'ServerSocket.cpp')
  
C:\Users\lilia\source\repos\MorpionSFML\SFML-2.5.1\include\SFML\Graphics\Rect.inl(128,26): error C2589: '(' : jeton non conforme à droite de '::'
  (compiler le fichier source 'ServerSocket.cpp')
  
C:\Users\lilia\source\repos\MorpionSFML\SFML-2.5.1\include\SFML\Graphics\Rect.inl(128,26): error C2760: erreur de syntaxe : ')' était inattendu ici; ';' attendu
  (compiler le fichier source 'ServerSocket.cpp')
  
C:\Users\lilia\source\repos\MorpionSFML\SFML-2.5.1\include\SFML\Graphics\Rect.inl(128,26): error C3878: erreur de syntaxe : jeton inattendu ')' après 'expression_statement'
  (compiler le fichier source 'ServerSocket.cpp')
  
C:\Users\lilia\source\repos\MorpionSFML\SFML-2.5.1\include\SFML\Graphics\Rect.inl(128,26): message : erreur de récupération ignorée : « ) »
  (compiler le fichier source 'ServerSocket.cpp')
  
C:\Users\lilia\source\repos\MorpionSFML\SFML-2.5.1\include\SFML\Graphics\Rect.inl(129,26): error C2589: '(' : jeton non conforme à droite de '::'
  (compiler le fichier source 'ServerSocket.cpp')
  
C:\Users\lilia\source\repos\MorpionSFML\SFML-2.5.1\include\SFML\Graphics\Rect.inl(129,26): error C2760: erreur de syntaxe : ')' était inattendu ici; ';' attendu
  (compiler le fichier source 'ServerSocket.cpp')
  
C:\Users\lilia\source\repos\MorpionSFML\SFML-2.5.1\include\SFML\Graphics\Rect.inl(129,26): error C3878: erreur de syntaxe : jeton inattendu ')' après 'expression_statement'
  (compiler le fichier source 'ServerSocket.cpp')
  
C:\Users\lilia\source\repos\MorpionSFML\SFML-2.5.1\include\SFML\Graphics\Rect.inl(129,26): message : erreur de récupération ignorée : « ) »
  (compiler le fichier source 'ServerSocket.cpp')
  
C:\Users\lilia\source\repos\MorpionSFML\ServerApp\ServerSocket.cpp(81,73): warning C4267: 'argument' : conversion de 'size_t' en 'int', perte possible de données
C:\Users\lilia\source\repos\MorpionSFML\ServerApp\ServerSocket.cpp(98,57): warning C4267: 'argument' : conversion de 'size_t' en 'int', perte possible de données
  Génération de code en cours...
